#
# There is insufficient memory for the Java Runtime Environment to continue.
# Native memory allocation (malloc) failed to allocate 1867696 bytes for Chunk::new
# Possible reasons:
#   The system is out of physical RAM or swap space
#   The process is running with CompressedOops enabled, and the Java Heap may be blocking the growth of the native heap
# Possible solutions:
#   Reduce memory load on the system
#   Increase physical memory or swap space
#   Check if swap backing store is full
#   Decrease Java heap size (-Xmx/-Xms)
#   Decrease number of Java threads
#   Decrease Java thread stack sizes (-Xss)
#   Set larger code cache with -XX:ReservedCodeCacheSize=
#   JVM is running with Unscaled Compressed Oops mode in which the Java heap is
#     placed in the first 4GB address space. The Java Heap base address is the
#     maximum limit for the native heap growth. Please use -XX:HeapBaseMinAddress
#     to set the Java Heap base and to place the Java Heap above 4GB virtual address.
# This output file may be truncated or incomplete.
#
#  Out of Memory Error (arena.cpp:191), pid=16796, tid=12352
#
# JRE version: OpenJDK Runtime Environment Temurin-17.0.9+9 (17.0.9+9) (build 17.0.9+9)
# Java VM: OpenJDK 64-Bit Server VM Temurin-17.0.9+9 (17.0.9+9, mixed mode, tiered, compressed oops, compressed class ptrs, g1 gc, windows-amd64)
# No core dump will be written. Minidumps are not enabled by default on client versions of Windows
#

---------------  S U M M A R Y ------------

Command Line: -Dfile.encoding=UTF-8 -Dstdout.encoding=UTF-8 -Dstderr.encoding=UTF-8 -XX:+ShowCodeDetailsInExceptionMessages testGridExamples.PaginationDynamic

Host: Intel(R) Core(TM) i3-6006U CPU @ 2.00GHz, 4 cores, 7G,  Windows 10 , 64 bit Build 19041 (10.0.19041.3636)
Time: Sat May 18 10:59:09 2024 India Standard Time elapsed time: 4.633081 seconds (0d 0h 0m 4s)

---------------  T H R E A D  ---------------

Current thread (0x000002391c6ca2f0):  JavaThread "C2 CompilerThread0" daemon [_thread_in_native, id=12352, stack(0x000000a14bf00000,0x000000a14c000000)]


Current CompileTask:
C2:   4633 1648       4       java.lang.invoke.MethodType::makeImpl (109 bytes)

Stack: [0x000000a14bf00000,0x000000a14c000000]
Native frames: (J=compiled Java code, j=interpreted, Vv=VM code, C=native code)
V  [jvm.dll+0x67cf49]
V  [jvm.dll+0x83478a]
V  [jvm.dll+0x83624e]
V  [jvm.dll+0x8368b3]
V  [jvm.dll+0x247f1f]
V  [jvm.dll+0xac43c]
V  [jvm.dll+0xaca8c]
V  [jvm.dll+0x367012]
V  [jvm.dll+0x3313ba]
V  [jvm.dll+0x33085a]
V  [jvm.dll+0x21a5b1]
V  [jvm.dll+0x2199d1]
V  [jvm.dll+0x1a57cd]
V  [jvm.dll+0x2297ae]
V  [jvm.dll+0x22797c]
V  [jvm.dll+0x7e9877]
V  [jvm.dll+0x7e3c3a]
V  [jvm.dll+0x67be35]
C  [ucrtbase.dll+0x21bb2]
C  [KERNEL32.DLL+0x17344]
C  [ntdll.dll+0x526b1]


---------------  P R O C E S S  ---------------

Threads class SMR info:
_java_thread_list=0x0000023921a03660, length=27, elements={
0x0000023902f34520, 0x000002391c69e020, 0x000002391c665ec0, 0x000002391c6bf010,
0x000002391c6c08f0, 0x000002391c6c23f0, 0x000002391c6c8e60, 0x000002391c6ca2f0,
0x000002391c6cb540, 0x000002391c6ceae0, 0x000002391c83c070, 0x000002391c85fa10,
0x00000239215b0ee0, 0x000002392185e6e0, 0x000002392196b7d0, 0x000002392181f040,
0x000002392185c6c0, 0x000002392185cfb0, 0x0000023921614de0, 0x0000023921616730,
0x0000023921616c40, 0x00000239216152f0, 0x0000023921617150, 0x0000023921618080,
0x0000023921617660, 0x0000023921618590, 0x00000239219dea90
}

Java Threads: ( => current thread )
  0x0000023902f34520 JavaThread "Forwarding get on session 8b1fa2c3bd87d4b97bdf028aa75d0071 to remote" [_thread_blocked, id=5556, stack(0x000000a14b200000,0x000000a14b300000)]
  0x000002391c69e020 JavaThread "Reference Handler" daemon [_thread_blocked, id=9244, stack(0x000000a14b900000,0x000000a14ba00000)]
  0x000002391c665ec0 JavaThread "Finalizer" daemon [_thread_blocked, id=15416, stack(0x000000a14ba00000,0x000000a14bb00000)]
  0x000002391c6bf010 JavaThread "Signal Dispatcher" daemon [_thread_blocked, id=15840, stack(0x000000a14bb00000,0x000000a14bc00000)]
  0x000002391c6c08f0 JavaThread "Attach Listener" daemon [_thread_blocked, id=18204, stack(0x000000a14bc00000,0x000000a14bd00000)]
  0x000002391c6c23f0 JavaThread "Service Thread" daemon [_thread_blocked, id=2292, stack(0x000000a14bd00000,0x000000a14be00000)]
  0x000002391c6c8e60 JavaThread "Monitor Deflation Thread" daemon [_thread_blocked, id=16944, stack(0x000000a14be00000,0x000000a14bf00000)]
=>0x000002391c6ca2f0 JavaThread "C2 CompilerThread0" daemon [_thread_in_native, id=12352, stack(0x000000a14bf00000,0x000000a14c000000)]
  0x000002391c6cb540 JavaThread "C1 CompilerThread0" daemon [_thread_blocked, id=29032, stack(0x000000a14c000000,0x000000a14c100000)]
  0x000002391c6ceae0 JavaThread "Sweeper thread" daemon [_thread_blocked, id=22376, stack(0x000000a14c100000,0x000000a14c200000)]
  0x000002391c83c070 JavaThread "Notification Thread" daemon [_thread_blocked, id=18292, stack(0x000000a14c200000,0x000000a14c300000)]
  0x000002391c85fa10 JavaThread "Common-Cleaner" daemon [_thread_blocked, id=13992, stack(0x000000a14c400000,0x000000a14c500000)]
  0x00000239215b0ee0 JavaThread "ForkJoinPool.commonPool-worker-1" daemon [_thread_blocked, id=28348, stack(0x000000a14c500000,0x000000a14c600000)]
  0x000002392185e6e0 JavaThread "HttpClient-1-SelectorManager" daemon [_thread_in_native, id=4604, stack(0x000000a14ca00000,0x000000a14cb00000)]
  0x000002392196b7d0 JavaThread "External Process Output Forwarder - C:\Users\Dharmendra Verma\.cache\selenium\chromedriver\win64\124.0.6367.207\chromedriver.exe" daemon [_thread_in_native, id=4044, stack(0x000000a14cb00000,0x000000a14cc00000)]
  0x000002392181f040 JavaThread "Driver Service Executor" daemon [_thread_blocked, id=20852, stack(0x000000a14cc00000,0x000000a14cd00000)]
  0x000002392185c6c0 JavaThread "Driver Service Executor" daemon [_thread_in_native, id=6352, stack(0x000000a14cd00000,0x000000a14ce00000)]
  0x000002392185cfb0 JavaThread "UrlChecker-2" daemon [_thread_blocked, id=12860, stack(0x000000a14ce00000,0x000000a14cf00000)]
  0x0000023921614de0 JavaThread "Keep-Alive-Timer" daemon [_thread_blocked, id=29056, stack(0x000000a14d000000,0x000000a14d100000)]
  0x0000023921616730 JavaThread "pool-1-thread-1" [_thread_blocked, id=14112, stack(0x000000a14d100000,0x000000a14d200000)]
  0x0000023921616c40 JavaThread "pool-1-thread-2" [_thread_blocked, id=28024, stack(0x000000a14d200000,0x000000a14d300000)]
  0x00000239216152f0 JavaThread "pool-1-thread-3" [_thread_blocked, id=5908, stack(0x000000a14d300000,0x000000a14d400000)]
  0x0000023921617150 JavaThread "HttpClient-2-SelectorManager" daemon [_thread_in_native, id=11452, stack(0x000000a14d400000,0x000000a14d500000)]
  0x0000023921618080 JavaThread "pool-2-thread-1" [_thread_blocked, id=27520, stack(0x000000a14d500000,0x000000a14d600000)]
  0x0000023921617660 JavaThread "pool-2-thread-2" [_thread_blocked, id=19000, stack(0x000000a14d600000,0x000000a14d700000)]
  0x0000023921618590 JavaThread "pool-2-thread-3" [_thread_blocked, id=27076, stack(0x000000a14d700000,0x000000a14d800000)]
  0x00000239219dea90 JavaThread "C2 CompilerThread1" daemon [_thread_blocked, id=28232, stack(0x000000a14d800000,0x000000a14d900000)]

Other Threads:
  0x000002391c664ea0 VMThread "VM Thread" [stack: 0x000000a14b800000,0x000000a14b900000] [id=17436]
  0x000002391c7a1b30 WatcherThread [stack: 0x000000a14c300000,0x000000a14c400000] [id=29452]
  0x0000023902f8f4c0 GCTaskThread "GC Thread#0" [stack: 0x000000a14b300000,0x000000a14b400000] [id=12176]
  0x000002392154ced0 GCTaskThread "GC Thread#1" [stack: 0x000000a14c600000,0x000000a14c700000] [id=24520]
  0x00000239213e41b0 GCTaskThread "GC Thread#2" [stack: 0x000000a14c700000,0x000000a14c800000] [id=19088]
  0x0000023921227160 GCTaskThread "GC Thread#3" [stack: 0x000000a14c800000,0x000000a14c900000] [id=1892]
  0x0000023902fa0930 ConcurrentGCThread "G1 Main Marker" [stack: 0x000000a14b400000,0x000000a14b500000] [id=6472]
  0x0000023902fa1350 ConcurrentGCThread "G1 Conc#0" [stack: 0x000000a14b500000,0x000000a14b600000] [id=22880]
  0x0000023902fe7f00 ConcurrentGCThread "G1 Refine#0" [stack: 0x000000a14b600000,0x000000a14b700000] [id=27248]
  0x0000023921226720 ConcurrentGCThread "G1 Refine#1" [stack: 0x000000a14c900000,0x000000a14ca00000] [id=4528]
  0x0000023902fe8930 ConcurrentGCThread "G1 Service" [stack: 0x000000a14b700000,0x000000a14b800000] [id=26192]

Threads with active compile tasks:
C2 CompilerThread0     4794 1648       4       java.lang.invoke.MethodType::makeImpl (109 bytes)

VM state: not at safepoint (normal execution)

VM Mutex/Monitor currently owned by a thread: None

Heap address: 0x0000000081400000, size: 2028 MB, Compressed Oops mode: 32-bit

CDS archive(s) not mapped
Compressed class space mapped at: 0x0000000100000000-0x0000000140000000, reserved size: 1073741824
Narrow klass base: 0x0000000000000000, Narrow klass shift: 3, Narrow klass range: 0x140000000

GC Precious Log:
 CPUs: 4 total, 4 available
 Memory: 8108M
 Large Page Support: Disabled
 NUMA Support: Disabled
 Compressed Oops: Enabled (32-bit)
 Heap Region Size: 1M
 Heap Min Capacity: 8M
 Heap Initial Capacity: 128M
 Heap Max Capacity: 2028M
 Pre-touch: Disabled
 Parallel Workers: 4
 Concurrent Workers: 1
 Concurrent Refinement Workers: 4
 Periodic GC: Disabled

Heap:
 garbage-first heap   total 131072K, used 24901K [0x0000000081400000, 0x0000000100000000)
  region size 1024K, 16 young (16384K), 2 survivors (2048K)
 Metaspace       used 20487K, committed 20736K, reserved 1114112K
  class space    used 2192K, committed 2304K, reserved 1048576K

Heap Regions: E=young(eden), S=young(survivor), O=old, HS=humongous(starts), HC=humongous(continues), CS=collection set, F=free, OA=open archive, CA=closed archive, TAMS=top-at-mark-start (previous, next)
|   0|0x0000000081400000, 0x0000000081500000, 0x0000000081500000|100%|HS|  |TAMS 0x0000000081400000, 0x0000000081400000| Complete 
|   1|0x0000000081500000, 0x0000000081600000, 0x0000000081600000|100%|HS|  |TAMS 0x0000000081500000, 0x0000000081500000| Complete 
|   2|0x0000000081600000, 0x0000000081700000, 0x0000000081700000|100%|HC|  |TAMS 0x0000000081600000, 0x0000000081600000| Complete 
|   3|0x0000000081700000, 0x0000000081800000, 0x0000000081800000|100%|HC|  |TAMS 0x0000000081700000, 0x0000000081700000| Complete 
|   4|0x0000000081800000, 0x0000000081900000, 0x0000000081900000|100%| O|  |TAMS 0x0000000081800000, 0x0000000081800000| Untracked 
|   5|0x0000000081900000, 0x0000000081a00000, 0x0000000081a00000|100%| O|  |TAMS 0x0000000081900000, 0x0000000081900000| Untracked 
|   6|0x0000000081a00000, 0x0000000081b00000, 0x0000000081b00000|100%| O|  |TAMS 0x0000000081a00000, 0x0000000081a00000| Untracked 
|   7|0x0000000081b00000, 0x0000000081c00000, 0x0000000081c00000|100%| O|  |TAMS 0x0000000081b00000, 0x0000000081b00000| Untracked 
|   8|0x0000000081c00000, 0x0000000081d00000, 0x0000000081d00000|100%| O|  |TAMS 0x0000000081c00000, 0x0000000081c00000| Untracked 
|   9|0x0000000081d00000, 0x0000000081d79c00, 0x0000000081e00000| 47%| O|  |TAMS 0x0000000081d00000, 0x0000000081d00000| Untracked 
|  10|0x0000000081e00000, 0x0000000081e00000, 0x0000000081f00000|  0%| F|  |TAMS 0x0000000081e00000, 0x0000000081e00000| Untracked 
|  11|0x0000000081f00000, 0x0000000081f00000, 0x0000000082000000|  0%| F|  |TAMS 0x0000000081f00000, 0x0000000081f00000| Untracked 
|  12|0x0000000082000000, 0x0000000082000000, 0x0000000082100000|  0%| F|  |TAMS 0x0000000082000000, 0x0000000082000000| Untracked 
|  13|0x0000000082100000, 0x0000000082100000, 0x0000000082200000|  0%| F|  |TAMS 0x0000000082100000, 0x0000000082100000| Untracked 
|  14|0x0000000082200000, 0x0000000082200000, 0x0000000082300000|  0%| F|  |TAMS 0x0000000082200000, 0x0000000082200000| Untracked 
|  15|0x0000000082300000, 0x0000000082300000, 0x0000000082400000|  0%| F|  |TAMS 0x0000000082300000, 0x0000000082300000| Untracked 
|  16|0x0000000082400000, 0x0000000082400000, 0x0000000082500000|  0%| F|  |TAMS 0x0000000082400000, 0x0000000082400000| Untracked 
|  17|0x0000000082500000, 0x0000000082500000, 0x0000000082600000|  0%| F|  |TAMS 0x0000000082500000, 0x0000000082500000| Untracked 
|  18|0x0000000082600000, 0x0000000082600000, 0x0000000082700000|  0%| F|  |TAMS 0x0000000082600000, 0x0000000082600000| Untracked 
|  19|0x0000000082700000, 0x0000000082700000, 0x0000000082800000|  0%| F|  |TAMS 0x0000000082700000, 0x0000000082700000| Untracked 
|  20|0x0000000082800000, 0x0000000082800000, 0x0000000082900000|  0%| F|  |TAMS 0x0000000082800000, 0x0000000082800000| Untracked 
|  21|0x0000000082900000, 0x0000000082900000, 0x0000000082a00000|  0%| F|  |TAMS 0x0000000082900000, 0x0000000082900000| Untracked 
|  22|0x0000000082a00000, 0x0000000082a00000, 0x0000000082b00000|  0%| F|  |TAMS 0x0000000082a00000, 0x0000000082a00000| Untracked 
|  23|0x0000000082b00000, 0x0000000082b00000, 0x0000000082c00000|  0%| F|  |TAMS 0x0000000082b00000, 0x0000000082b00000| Untracked 
|  24|0x0000000082c00000, 0x0000000082c00000, 0x0000000082d00000|  0%| F|  |TAMS 0x0000000082c00000, 0x0000000082c00000| Untracked 
|  25|0x0000000082d00000, 0x0000000082d00000, 0x0000000082e00000|  0%| F|  |TAMS 0x0000000082d00000, 0x0000000082d00000| Untracked 
|  26|0x0000000082e00000, 0x0000000082e00000, 0x0000000082f00000|  0%| F|  |TAMS 0x0000000082e00000, 0x0000000082e00000| Untracked 
|  27|0x0000000082f00000, 0x0000000082f00000, 0x0000000083000000|  0%| F|  |TAMS 0x0000000082f00000, 0x0000000082f00000| Untracked 
|  28|0x0000000083000000, 0x0000000083000000, 0x0000000083100000|  0%| F|  |TAMS 0x0000000083000000, 0x0000000083000000| Untracked 
|  29|0x0000000083100000, 0x0000000083100000, 0x0000000083200000|  0%| F|  |TAMS 0x0000000083100000, 0x0000000083100000| Untracked 
|  30|0x0000000083200000, 0x0000000083200000, 0x0000000083300000|  0%| F|  |TAMS 0x0000000083200000, 0x0000000083200000| Untracked 
|  31|0x0000000083300000, 0x0000000083300000, 0x0000000083400000|  0%| F|  |TAMS 0x0000000083300000, 0x0000000083300000| Untracked 
|  32|0x0000000083400000, 0x0000000083400000, 0x0000000083500000|  0%| F|  |TAMS 0x0000000083400000, 0x0000000083400000| Untracked 
|  33|0x0000000083500000, 0x0000000083500000, 0x0000000083600000|  0%| F|  |TAMS 0x0000000083500000, 0x0000000083500000| Untracked 
|  34|0x0000000083600000, 0x0000000083600000, 0x0000000083700000|  0%| F|  |TAMS 0x0000000083600000, 0x0000000083600000| Untracked 
|  35|0x0000000083700000, 0x0000000083700000, 0x0000000083800000|  0%| F|  |TAMS 0x0000000083700000, 0x0000000083700000| Untracked 
|  36|0x0000000083800000, 0x0000000083800000, 0x0000000083900000|  0%| F|  |TAMS 0x0000000083800000, 0x0000000083800000| Untracked 
|  37|0x0000000083900000, 0x0000000083900000, 0x0000000083a00000|  0%| F|  |TAMS 0x0000000083900000, 0x0000000083900000| Untracked 
|  38|0x0000000083a00000, 0x0000000083a00000, 0x0000000083b00000|  0%| F|  |TAMS 0x0000000083a00000, 0x0000000083a00000| Untracked 
|  39|0x0000000083b00000, 0x0000000083b00000, 0x0000000083c00000|  0%| F|  |TAMS 0x0000000083b00000, 0x0000000083b00000| Untracked 
|  40|0x0000000083c00000, 0x0000000083c00000, 0x0000000083d00000|  0%| F|  |TAMS 0x0000000083c00000, 0x0000000083c00000| Untracked 
|  41|0x0000000083d00000, 0x0000000083d00000, 0x0000000083e00000|  0%| F|  |TAMS 0x0000000083d00000, 0x0000000083d00000| Untracked 
|  42|0x0000000083e00000, 0x0000000083e00000, 0x0000000083f00000|  0%| F|  |TAMS 0x0000000083e00000, 0x0000000083e00000| Untracked 
|  43|0x0000000083f00000, 0x0000000083f00000, 0x0000000084000000|  0%| F|  |TAMS 0x0000000083f00000, 0x0000000083f00000| Untracked 
|  44|0x0000000084000000, 0x0000000084000000, 0x0000000084100000|  0%| F|  |TAMS 0x0000000084000000, 0x0000000084000000| Untracked 
|  45|0x0000000084100000, 0x0000000084100000, 0x0000000084200000|  0%| F|  |TAMS 0x0000000084100000, 0x0000000084100000| Untracked 
|  46|0x0000000084200000, 0x0000000084200000, 0x0000000084300000|  0%| F|  |TAMS 0x0000000084200000, 0x0000000084200000| Untracked 
|  47|0x0000000084300000, 0x0000000084300000, 0x0000000084400000|  0%| F|  |TAMS 0x0000000084300000, 0x0000000084300000| Untracked 
|  48|0x0000000084400000, 0x0000000084400000, 0x0000000084500000|  0%| F|  |TAMS 0x0000000084400000, 0x0000000084400000| Untracked 
|  49|0x0000000084500000, 0x0000000084500000, 0x0000000084600000|  0%| F|  |TAMS 0x0000000084500000, 0x0000000084500000| Untracked 
|  50|0x0000000084600000, 0x0000000084600000, 0x0000000084700000|  0%| F|  |TAMS 0x0000000084600000, 0x0000000084600000| Untracked 
|  51|0x0000000084700000, 0x0000000084700000, 0x0000000084800000|  0%| F|  |TAMS 0x0000000084700000, 0x0000000084700000| Untracked 
|  52|0x0000000084800000, 0x0000000084800000, 0x0000000084900000|  0%| F|  |TAMS 0x0000000084800000, 0x0000000084800000| Untracked 
|  53|0x0000000084900000, 0x0000000084900000, 0x0000000084a00000|  0%| F|  |TAMS 0x0000000084900000, 0x0000000084900000| Untracked 
|  54|0x0000000084a00000, 0x0000000084a00000, 0x0000000084b00000|  0%| F|  |TAMS 0x0000000084a00000, 0x0000000084a00000| Untracked 
|  55|0x0000000084b00000, 0x0000000084b00000, 0x0000000084c00000|  0%| F|  |TAMS 0x0000000084b00000, 0x0000000084b00000| Untracked 
|  56|0x0000000084c00000, 0x0000000084c00000, 0x0000000084d00000|  0%| F|  |TAMS 0x0000000084c00000, 0x0000000084c00000| Untracked 
|  57|0x0000000084d00000, 0x0000000084d00000, 0x0000000084e00000|  0%| F|  |TAMS 0x0000000084d00000, 0x0000000084d00000| Untracked 
|  58|0x0000000084e00000, 0x0000000084e00000, 0x0000000084f00000|  0%| F|  |TAMS 0x0000000084e00000, 0x0000000084e00000| Untracked 
|  59|0x0000000084f00000, 0x0000000084f00000, 0x0000000085000000|  0%| F|  |TAMS 0x0000000084f00000, 0x0000000084f00000| Untracked 
|  60|0x0000000085000000, 0x0000000085000000, 0x0000000085100000|  0%| F|  |TAMS 0x0000000085000000, 0x0000000085000000| Untracked 
|  61|0x0000000085100000, 0x0000000085100000, 0x0000000085200000|  0%| F|  |TAMS 0x0000000085100000, 0x0000000085100000| Untracked 
|  62|0x0000000085200000, 0x0000000085200000, 0x0000000085300000|  0%| F|  |TAMS 0x0000000085200000, 0x0000000085200000| Untracked 
|  63|0x0000000085300000, 0x0000000085300000, 0x0000000085400000|  0%| F|  |TAMS 0x0000000085300000, 0x0000000085300000| Untracked 
|  64|0x0000000085400000, 0x0000000085400000, 0x0000000085500000|  0%| F|  |TAMS 0x0000000085400000, 0x0000000085400000| Untracked 
|  65|0x0000000085500000, 0x0000000085500000, 0x0000000085600000|  0%| F|  |TAMS 0x0000000085500000, 0x0000000085500000| Untracked 
|  66|0x0000000085600000, 0x0000000085600000, 0x0000000085700000|  0%| F|  |TAMS 0x0000000085600000, 0x0000000085600000| Untracked 
|  67|0x0000000085700000, 0x0000000085700000, 0x0000000085800000|  0%| F|  |TAMS 0x0000000085700000, 0x0000000085700000| Untracked 
|  68|0x0000000085800000, 0x0000000085800000, 0x0000000085900000|  0%| F|  |TAMS 0x0000000085800000, 0x0000000085800000| Untracked 
|  69|0x0000000085900000, 0x0000000085900000, 0x0000000085a00000|  0%| F|  |TAMS 0x0000000085900000, 0x0000000085900000| Untracked 
|  70|0x0000000085a00000, 0x0000000085a00000, 0x0000000085b00000|  0%| F|  |TAMS 0x0000000085a00000, 0x0000000085a00000| Untracked 
|  71|0x0000000085b00000, 0x0000000085b00000, 0x0000000085c00000|  0%| F|  |TAMS 0x0000000085b00000, 0x0000000085b00000| Untracked 
|  72|0x0000000085c00000, 0x0000000085c00000, 0x0000000085d00000|  0%| F|  |TAMS 0x0000000085c00000, 0x0000000085c00000| Untracked 
|  73|0x0000000085d00000, 0x0000000085d00000, 0x0000000085e00000|  0%| F|  |TAMS 0x0000000085d00000, 0x0000000085d00000| Untracked 
|  74|0x0000000085e00000, 0x0000000085e00000, 0x0000000085f00000|  0%| F|  |TAMS 0x0000000085e00000, 0x0000000085e00000| Untracked 
|  75|0x0000000085f00000, 0x0000000085f00000, 0x0000000086000000|  0%| F|  |TAMS 0x0000000085f00000, 0x0000000085f00000| Untracked 
|  76|0x0000000086000000, 0x0000000086000000, 0x0000000086100000|  0%| F|  |TAMS 0x0000000086000000, 0x0000000086000000| Untracked 
|  77|0x0000000086100000, 0x0000000086100000, 0x0000000086200000|  0%| F|  |TAMS 0x0000000086100000, 0x0000000086100000| Untracked 
|  78|0x0000000086200000, 0x0000000086200000, 0x0000000086300000|  0%| F|  |TAMS 0x0000000086200000, 0x0000000086200000| Untracked 
|  79|0x0000000086300000, 0x0000000086300000, 0x0000000086400000|  0%| F|  |TAMS 0x0000000086300000, 0x0000000086300000| Untracked 
|  80|0x0000000086400000, 0x0000000086400000, 0x0000000086500000|  0%| F|  |TAMS 0x0000000086400000, 0x0000000086400000| Untracked 
|  81|0x0000000086500000, 0x0000000086500000, 0x0000000086600000|  0%| F|  |TAMS 0x0000000086500000, 0x0000000086500000| Untracked 
|  82|0x0000000086600000, 0x0000000086600000, 0x0000000086700000|  0%| F|  |TAMS 0x0000000086600000, 0x0000000086600000| Untracked 
|  83|0x0000000086700000, 0x0000000086700000, 0x0000000086800000|  0%| F|  |TAMS 0x0000000086700000, 0x0000000086700000| Untracked 
|  84|0x0000000086800000, 0x0000000086800000, 0x0000000086900000|  0%| F|  |TAMS 0x0000000086800000, 0x0000000086800000| Untracked 
|  85|0x0000000086900000, 0x0000000086900000, 0x0000000086a00000|  0%| F|  |TAMS 0x0000000086900000, 0x0000000086900000| Untracked 
|  86|0x0000000086a00000, 0x0000000086a00000, 0x0000000086b00000|  0%| F|  |TAMS 0x0000000086a00000, 0x0000000086a00000| Untracked 
|  87|0x0000000086b00000, 0x0000000086b00000, 0x0000000086c00000|  0%| F|  |TAMS 0x0000000086b00000, 0x0000000086b00000| Untracked 
|  88|0x0000000086c00000, 0x0000000086c00000, 0x0000000086d00000|  0%| F|  |TAMS 0x0000000086c00000, 0x0000000086c00000| Untracked 
|  89|0x0000000086d00000, 0x0000000086d00000, 0x0000000086e00000|  0%| F|  |TAMS 0x0000000086d00000, 0x0000000086d00000| Untracked 
|  90|0x0000000086e00000, 0x0000000086e00000, 0x0000000086f00000|  0%| F|  |TAMS 0x0000000086e00000, 0x0000000086e00000| Untracked 
|  91|0x0000000086f00000, 0x0000000086f00000, 0x0000000087000000|  0%| F|  |TAMS 0x0000000086f00000, 0x0000000086f00000| Untracked 
|  92|0x0000000087000000, 0x0000000087000000, 0x0000000087100000|  0%| F|  |TAMS 0x0000000087000000, 0x0000000087000000| Untracked 
|  93|0x0000000087100000, 0x0000000087100000, 0x0000000087200000|  0%| F|  |TAMS 0x0000000087100000, 0x0000000087100000| Untracked 
|  94|0x0000000087200000, 0x0000000087200000, 0x0000000087300000|  0%| F|  |TAMS 0x0000000087200000, 0x0000000087200000| Untracked 
|  95|0x0000000087300000, 0x0000000087300000, 0x0000000087400000|  0%| F|  |TAMS 0x0000000087300000, 0x0000000087300000| Untracked 
|  96|0x0000000087400000, 0x0000000087400000, 0x0000000087500000|  0%| F|  |TAMS 0x0000000087400000, 0x0000000087400000| Untracked 
|  97|0x0000000087500000, 0x0000000087500000, 0x0000000087600000|  0%| F|  |TAMS 0x0000000087500000, 0x0000000087500000| Untracked 
|  98|0x0000000087600000, 0x0000000087600000, 0x0000000087700000|  0%| F|  |TAMS 0x0000000087600000, 0x0000000087600000| Untracked 
|  99|0x0000000087700000, 0x0000000087700000, 0x0000000087800000|  0%| F|  |TAMS 0x0000000087700000, 0x0000000087700000| Untracked 
| 100|0x0000000087800000, 0x0000000087800000, 0x0000000087900000|  0%| F|  |TAMS 0x0000000087800000, 0x0000000087800000| Untracked 
| 101|0x0000000087900000, 0x0000000087900000, 0x0000000087a00000|  0%| F|  |TAMS 0x0000000087900000, 0x0000000087900000| Untracked 
| 102|0x0000000087a00000, 0x0000000087a00000, 0x0000000087b00000|  0%| F|  |TAMS 0x0000000087a00000, 0x0000000087a00000| Untracked 
| 103|0x0000000087b00000, 0x0000000087b00000, 0x0000000087c00000|  0%| F|  |TAMS 0x0000000087b00000, 0x0000000087b00000| Untracked 
| 104|0x0000000087c00000, 0x0000000087c00000, 0x0000000087d00000|  0%| F|  |TAMS 0x0000000087c00000, 0x0000000087c00000| Untracked 
| 105|0x0000000087d00000, 0x0000000087d00000, 0x0000000087e00000|  0%| F|  |TAMS 0x0000000087d00000, 0x0000000087d00000| Untracked 
| 106|0x0000000087e00000, 0x0000000087e00000, 0x0000000087f00000|  0%| F|  |TAMS 0x0000000087e00000, 0x0000000087e00000| Untracked 
| 107|0x0000000087f00000, 0x0000000087f00000, 0x0000000088000000|  0%| F|  |TAMS 0x0000000087f00000, 0x0000000087f00000| Untracked 
| 108|0x0000000088000000, 0x0000000088000000, 0x0000000088100000|  0%| F|  |TAMS 0x0000000088000000, 0x0000000088000000| Untracked 
| 109|0x0000000088100000, 0x0000000088100000, 0x0000000088200000|  0%| F|  |TAMS 0x0000000088100000, 0x0000000088100000| Untracked 
| 110|0x0000000088200000, 0x0000000088200000, 0x0000000088300000|  0%| F|  |TAMS 0x0000000088200000, 0x0000000088200000| Untracked 
| 111|0x0000000088300000, 0x0000000088300000, 0x0000000088400000|  0%| F|  |TAMS 0x0000000088300000, 0x0000000088300000| Untracked 
| 112|0x0000000088400000, 0x00000000884667c0, 0x0000000088500000| 40%| E|  |TAMS 0x0000000088400000, 0x0000000088400000| Complete 
| 113|0x0000000088500000, 0x0000000088600000, 0x0000000088600000|100%| E|CS|TAMS 0x0000000088500000, 0x0000000088500000| Complete 
| 114|0x0000000088600000, 0x0000000088700000, 0x0000000088700000|100%| E|CS|TAMS 0x0000000088600000, 0x0000000088600000| Complete 
| 115|0x0000000088700000, 0x0000000088800000, 0x0000000088800000|100%| E|CS|TAMS 0x0000000088700000, 0x0000000088700000| Complete 
| 116|0x0000000088800000, 0x00000000888d7b50, 0x0000000088900000| 84%| S|CS|TAMS 0x0000000088800000, 0x0000000088800000| Complete 
| 117|0x0000000088900000, 0x0000000088a00000, 0x0000000088a00000|100%| S|CS|TAMS 0x0000000088900000, 0x0000000088900000| Complete 
| 118|0x0000000088a00000, 0x0000000088b00000, 0x0000000088b00000|100%| E|CS|TAMS 0x0000000088a00000, 0x0000000088a00000| Complete 
| 119|0x0000000088b00000, 0x0000000088c00000, 0x0000000088c00000|100%| E|CS|TAMS 0x0000000088b00000, 0x0000000088b00000| Complete 
| 120|0x0000000088c00000, 0x0000000088d00000, 0x0000000088d00000|100%| E|CS|TAMS 0x0000000088c00000, 0x0000000088c00000| Complete 
| 121|0x0000000088d00000, 0x0000000088e00000, 0x0000000088e00000|100%| E|CS|TAMS 0x0000000088d00000, 0x0000000088d00000| Complete 
| 122|0x0000000088e00000, 0x0000000088f00000, 0x0000000088f00000|100%| E|CS|TAMS 0x0000000088e00000, 0x0000000088e00000| Complete 
| 123|0x0000000088f00000, 0x0000000089000000, 0x0000000089000000|100%| E|CS|TAMS 0x0000000088f00000, 0x0000000088f00000| Complete 
| 124|0x0000000089000000, 0x0000000089100000, 0x0000000089100000|100%| E|CS|TAMS 0x0000000089000000, 0x0000000089000000| Complete 
| 125|0x0000000089100000, 0x0000000089200000, 0x0000000089200000|100%| E|CS|TAMS 0x0000000089100000, 0x0000000089100000| Complete 
| 126|0x0000000089200000, 0x0000000089300000, 0x0000000089300000|100%| E|CS|TAMS 0x0000000089200000, 0x0000000089200000| Complete 
| 127|0x0000000089300000, 0x0000000089400000, 0x0000000089400000|100%| E|CS|TAMS 0x0000000089300000, 0x0000000089300000| Complete 

Card table byte_map: [0x0000023915a00000,0x0000023915e00000] _byte_map_base: 0x00000239155f6000

Marking Bits (Prev, Next): (CMBitMap*) 0x0000023902f8fae0, (CMBitMap*) 0x0000023902f8fb20
 Prev Bits: [0x0000023916200000, 0x00000239181b0000)
 Next Bits: [0x00000239181b0000, 0x000002391a160000)

Polling page: 0x0000023900f20000

Metaspace:

Usage:
  Non-class:     17.87 MB used.
      Class:      2.14 MB used.
       Both:     20.01 MB used.

Virtual space:
  Non-class space:       64.00 MB reserved,      18.00 MB ( 28%) committed,  1 nodes.
      Class space:        1.00 GB reserved,       2.25 MB ( <1%) committed,  1 nodes.
             Both:        1.06 GB reserved,      20.25 MB (  2%) committed. 

Chunk freelists:
   Non-Class:  13.78 MB
       Class:  13.58 MB
        Both:  27.36 MB

MaxMetaspaceSize: unlimited
CompressedClassSpaceSize: 1.00 GB
Initial GC threshold: 21.00 MB
Current GC threshold: 21.00 MB
CDS: off
MetaspaceReclaimPolicy: balanced
 - commit_granule_bytes: 65536.
 - commit_granule_words: 8192.
 - virtual_space_node_default_size: 8388608.
 - enlarge_chunks_in_place: 1.
 - new_chunks_are_fully_committed: 0.
 - uncommit_free_chunks: 1.
 - use_allocation_guard: 0.
 - handle_deallocations: 1.


Internal statistics:

num_allocs_failed_limit: 0.
num_arena_births: 210.
num_arena_deaths: 0.
num_vsnodes_births: 2.
num_vsnodes_deaths: 0.
num_space_committed: 324.
num_space_uncommitted: 0.
num_chunks_returned_to_freelist: 0.
num_chunks_taken_from_freelist: 498.
num_chunk_merges: 0.
num_chunk_splits: 274.
num_chunks_enlarged: 173.
num_inconsistent_stats: 0.

CodeHeap 'non-profiled nmethods': size=120000Kb used=541Kb max_used=541Kb free=119458Kb
 bounds [0x000002390e0d0000, 0x000002390e340000, 0x0000023915600000]
CodeHeap 'profiled nmethods': size=120000Kb used=3304Kb max_used=3304Kb free=116695Kb
 bounds [0x0000023906600000, 0x0000023906940000, 0x000002390db30000]
CodeHeap 'non-nmethods': size=5760Kb used=1213Kb max_used=1235Kb free=4546Kb
 bounds [0x000002390db30000, 0x000002390dda0000, 0x000002390e0d0000]
 total_blobs=2269 nmethods=1751 adapters=430
 compilation: enabled
              stopped_count=0, restarted_count=0
 full_count=0

Compilation events (20 events):
Event: 4.582 Thread 0x000002391c6cb540 nmethod 1708 0x0000023906928890 code [0x0000023906928a20, 0x0000023906928b68]
Event: 4.582 Thread 0x000002391c6cb540 1710       3       java.lang.invoke.MethodHandle::asTypeUncached (59 bytes)
Event: 4.584 Thread 0x000002391c6cb540 nmethod 1710 0x0000023906928c10 code [0x0000023906928ee0, 0x0000023906929a58]
Event: 4.597 Thread 0x00000239219dea90 nmethod 1649 0x000002390e152710 code [0x000002390e152900, 0x000002390e153968]
Event: 4.597 Thread 0x00000239219dea90 1711       4       jdk.internal.misc.Unsafe::allocateUninitializedArray (55 bytes)
Event: 4.599 Thread 0x00000239219dea90 nmethod 1711 0x000002390e153f90 code [0x000002390e154120, 0x000002390e1542d8]
Event: 4.599 Thread 0x00000239219dea90 1705       4       java.lang.AbstractStringBuilder::getCoder (15 bytes)
Event: 4.600 Thread 0x00000239219dea90 nmethod 1705 0x000002390e154410 code [0x000002390e154580, 0x000002390e1545f8]
Event: 4.613 Thread 0x00000239219dea90 1712   !   4       jdk.internal.loader.URLClassPath$JarLoader::getResource (65 bytes)
Event: 4.620 Thread 0x000002391c6cb540 1714       3       jdk.internal.loader.ClassLoaders$AppClassLoader::defineOrCheckPackage (8 bytes)
Event: 4.621 Thread 0x000002391c6cb540 nmethod 1714 0x0000023906929f10 code [0x000002390692a0a0, 0x000002390692a1e8]
Event: 4.621 Thread 0x000002391c6cb540 1718   !   3       jdk.internal.loader.Resource::getBytes (244 bytes)
Event: 4.623 Thread 0x000002391c6cb540 nmethod 1718 0x000002390692a290 code [0x000002390692a580, 0x000002390692b9a8]
Event: 4.623 Thread 0x000002391c6cb540 1715   !   3       jdk.internal.loader.BuiltinClassLoader::defineOrCheckPackage (94 bytes)
Event: 4.625 Thread 0x000002391c6cb540 nmethod 1715 0x000002390692c290 code [0x000002390692c500, 0x000002390692ce78]
Event: 4.625 Thread 0x000002391c6cb540 1716       3       jdk.internal.loader.BuiltinClassLoader::getAndVerifyPackage (113 bytes)
Event: 4.627 Thread 0x000002391c6cb540 nmethod 1716 0x000002390692d210 code [0x000002390692d580, 0x000002390692e768]
Event: 4.627 Thread 0x000002391c6cb540 1721       3       java.util.Collections$UnmodifiableMap::get (11 bytes)
Event: 4.628 Thread 0x000002391c6cb540 nmethod 1721 0x000002390692ed90 code [0x000002390692ef40, 0x000002390692f108]
Event: 4.628 Thread 0x000002391c6cb540 1717       3       java.lang.ClassLoader::getDefinedPackage (36 bytes)

GC Heap History (4 events):
Event: 1.688 GC heap before
{Heap before GC invocations=0 (full 0):
 garbage-first heap   total 131072K, used 16384K [0x0000000081400000, 0x0000000100000000)
  region size 1024K, 13 young (13312K), 0 survivors (0K)
 Metaspace       used 11936K, committed 12160K, reserved 1114112K
  class space    used 1195K, committed 1280K, reserved 1048576K
}
Event: 1.697 GC heap after
{Heap after GC invocations=1 (full 0):
 garbage-first heap   total 131072K, used 9522K [0x0000000081400000, 0x0000000100000000)
  region size 1024K, 2 young (2048K), 2 survivors (2048K)
 Metaspace       used 11936K, committed 12160K, reserved 1114112K
  class space    used 1195K, committed 1280K, reserved 1048576K
}
Event: 2.189 GC heap before
{Heap before GC invocations=1 (full 0):
 garbage-first heap   total 131072K, used 19762K [0x0000000081400000, 0x0000000100000000)
  region size 1024K, 12 young (12288K), 2 survivors (2048K)
 Metaspace       used 16708K, committed 16960K, reserved 1114112K
  class space    used 1704K, committed 1856K, reserved 1048576K
}
Event: 2.198 GC heap after
{Heap after GC invocations=2 (full 0):
 garbage-first heap   total 131072K, used 11589K [0x0000000081400000, 0x0000000100000000)
  region size 1024K, 2 young (2048K), 2 survivors (2048K)
 Metaspace       used 16708K, committed 16960K, reserved 1114112K
  class space    used 1704K, committed 1856K, reserved 1048576K
}

Dll operation events (6 events):
Event: 0.013 Loaded shared library E:\eclipseWithcorejava\eclipse\plugins\org.eclipse.justj.openjdk.hotspot.jre.full.win32.x86_64_17.0.9.v20231028-0858\jre\bin\java.dll
Event: 0.196 Loaded shared library E:\eclipseWithcorejava\eclipse\plugins\org.eclipse.justj.openjdk.hotspot.jre.full.win32.x86_64_17.0.9.v20231028-0858\jre\bin\net.dll
Event: 0.199 Loaded shared library E:\eclipseWithcorejava\eclipse\plugins\org.eclipse.justj.openjdk.hotspot.jre.full.win32.x86_64_17.0.9.v20231028-0858\jre\bin\nio.dll
Event: 0.211 Loaded shared library E:\eclipseWithcorejava\eclipse\plugins\org.eclipse.justj.openjdk.hotspot.jre.full.win32.x86_64_17.0.9.v20231028-0858\jre\bin\zip.dll
Event: 0.372 Loaded shared library E:\eclipseWithcorejava\eclipse\plugins\org.eclipse.justj.openjdk.hotspot.jre.full.win32.x86_64_17.0.9.v20231028-0858\jre\bin\jimage.dll
Event: 2.069 Loaded shared library E:\eclipseWithcorejava\eclipse\plugins\org.eclipse.justj.openjdk.hotspot.jre.full.win32.x86_64_17.0.9.v20231028-0858\jre\bin\sunmscapi.dll

Deoptimization events (20 events):
Event: 4.079 Thread 0x0000023902f34520 DEOPT PACKING pc=0x000002390e138a5c sp=0x000000a14b2fef30
Event: 4.079 Thread 0x0000023902f34520 DEOPT UNPACKING pc=0x000002390db869a3 sp=0x000000a14b2feea0 mode 2
Event: 4.233 Thread 0x0000023902f34520 DEOPT PACKING pc=0x00000239066292be sp=0x000000a14b2fed40
Event: 4.233 Thread 0x0000023902f34520 DEOPT UNPACKING pc=0x000002390db87143 sp=0x000000a14b2fe1b8 mode 0
Event: 4.582 Thread 0x0000023902f34520 Uncommon trap: trap_request=0xffffffde fr.pc=0x000002390e151dc4 relative=0x0000000000000124
Event: 4.583 Thread 0x0000023902f34520 Uncommon trap: reason=class_check action=maybe_recompile pc=0x000002390e151dc4 method=jdk.internal.misc.Unsafe.allocateUninitializedArray(Ljava/lang/Class;I)Ljava/lang/Object; @ 51 c2
Event: 4.583 Thread 0x0000023902f34520 DEOPT PACKING pc=0x000002390e151dc4 sp=0x000000a14b2fe670
Event: 4.583 Thread 0x0000023902f34520 DEOPT UNPACKING pc=0x000002390db869a3 sp=0x000000a14b2fe5f8 mode 2
Event: 4.583 Thread 0x0000023902f34520 Uncommon trap: trap_request=0xffffffde fr.pc=0x000002390e151dc4 relative=0x0000000000000124
Event: 4.583 Thread 0x0000023902f34520 Uncommon trap: reason=class_check action=maybe_recompile pc=0x000002390e151dc4 method=jdk.internal.misc.Unsafe.allocateUninitializedArray(Ljava/lang/Class;I)Ljava/lang/Object; @ 51 c2
Event: 4.583 Thread 0x0000023902f34520 DEOPT PACKING pc=0x000002390e151dc4 sp=0x000000a14b2fe490
Event: 4.583 Thread 0x0000023902f34520 DEOPT UNPACKING pc=0x000002390db869a3 sp=0x000000a14b2fe418 mode 2
Event: 4.583 Thread 0x0000023902f34520 Uncommon trap: trap_request=0xffffffde fr.pc=0x000002390e151dc4 relative=0x0000000000000124
Event: 4.583 Thread 0x0000023902f34520 Uncommon trap: reason=class_check action=maybe_recompile pc=0x000002390e151dc4 method=jdk.internal.misc.Unsafe.allocateUninitializedArray(Ljava/lang/Class;I)Ljava/lang/Object; @ 51 c2
Event: 4.584 Thread 0x0000023902f34520 DEOPT PACKING pc=0x000002390e151dc4 sp=0x000000a14b2fe5e0
Event: 4.584 Thread 0x0000023902f34520 DEOPT UNPACKING pc=0x000002390db869a3 sp=0x000000a14b2fe568 mode 2
Event: 4.584 Thread 0x0000023902f34520 Uncommon trap: trap_request=0xffffffde fr.pc=0x000002390e151dc4 relative=0x0000000000000124
Event: 4.584 Thread 0x0000023902f34520 Uncommon trap: reason=class_check action=maybe_recompile pc=0x000002390e151dc4 method=jdk.internal.misc.Unsafe.allocateUninitializedArray(Ljava/lang/Class;I)Ljava/lang/Object; @ 51 c2
Event: 4.584 Thread 0x0000023902f34520 DEOPT PACKING pc=0x000002390e151dc4 sp=0x000000a14b2fe5e0
Event: 4.584 Thread 0x0000023902f34520 DEOPT UNPACKING pc=0x000002390db869a3 sp=0x000000a14b2fe568 mode 2

Classes unloaded (0 events):
No events

Classes redefined (0 events):
No events

Internal exceptions (20 events):
Event: 1.930 Thread 0x0000023902f34520 Exception <a 'java/lang/NoSuchMethodError'{0x0000000088dbafb8}: 'java.lang.Object java.lang.invoke.DirectMethodHandle$Holder.invokeStaticInit(java.lang.Object, int, int, int, int)'> (0x0000000088dbafb8) 
thrown [s\src\hotspot\share\interpreter\linkResolver.cpp, line 759]
Event: 2.021 Thread 0x0000023902f34520 Exception <a 'java/lang/NoSuchMethodError'{0x0000000088c89208}: 'java.lang.Object java.lang.invoke.DirectMethodHandle$Holder.invokeStaticInit(java.lang.Object, java.lang.Object, int, int, int, int)'> (0x0000000088c89208) 
thrown [s\src\hotspot\share\interpreter\linkResolver.cpp, line 759]
Event: 2.162 Thread 0x0000023902f34520 Exception <a 'java/lang/NoSuchMethodError'{0x0000000088a809f8}: 'java.lang.Object java.lang.invoke.DirectMethodHandle$Holder.invokeInterface(java.lang.Object, java.lang.Object, java.lang.Object)'> (0x0000000088a809f8) 
thrown [s\src\hotspot\share\interpreter\linkResolver.cpp, line 759]
Event: 2.163 Thread 0x0000023902f34520 Exception <a 'java/lang/IncompatibleClassChangeError'{0x0000000088a840c0}: Found class java.lang.Object, but interface was expected> (0x0000000088a840c0) 
thrown [s\src\hotspot\share\interpreter\linkResolver.cpp, line 826]
Event: 2.166 Thread 0x0000023902f34520 Exception <a 'java/lang/NoSuchMethodError'{0x0000000088a8c340}: 'int java.lang.invoke.DirectMethodHandle$Holder.invokeSpecialIFC(java.lang.Object, java.lang.Object, java.lang.Object, java.lang.Object)'> (0x0000000088a8c340) 
thrown [s\src\hotspot\share\interpreter\linkResolver.cpp, line 759]
Event: 2.172 Thread 0x0000023902f34520 Exception <a 'java/lang/NoSuchMethodError'{0x0000000088aaf930}: 'java.lang.Object java.lang.invoke.DirectMethodHandle$Holder.invokeVirtual(java.lang.Object, java.lang.Object, java.lang.Object, java.lang.Object)'> (0x0000000088aaf930) 
thrown [s\src\hotspot\share\interpreter\linkResolver.cpp, line 759]
Event: 2.224 Thread 0x000002392185cfb0 Exception <a 'java/net/ConnectException'{0x000000008934c8a8}: Connection refused: no further information> (0x000000008934c8a8) 
thrown [s\src\hotspot\share\prims\jni.cpp, line 535]
Event: 2.224 Thread 0x000002392185cfb0 Exception <a 'java/net/SocketException'{0x000000008934cbe0}: Socket is not connected: shutdown> (0x000000008934cbe0) 
thrown [s\src\hotspot\share\prims\jni.cpp, line 535]
Event: 2.244 Thread 0x000002392185cfb0 Exception <a 'java/net/ConnectException'{0x000000008934dbd8}: Connection refused: no further information> (0x000000008934dbd8) 
thrown [s\src\hotspot\share\prims\jni.cpp, line 535]
Event: 2.244 Thread 0x000002392185cfb0 Exception <a 'java/net/SocketException'{0x000000008934df10}: Socket is not connected: shutdown> (0x000000008934df10) 
thrown [s\src\hotspot\share\prims\jni.cpp, line 535]
Event: 2.321 Thread 0x0000023902f34520 Exception <a 'java/lang/NoSuchMethodError'{0x0000000089240f68}: 'java.lang.Object java.lang.invoke.DirectMethodHandle$Holder.newInvokeSpecial(java.lang.Object, java.lang.Object, int, int)'> (0x0000000089240f68) 
thrown [s\src\hotspot\share\interpreter\linkResolver.cpp, line 759]
Event: 2.323 Thread 0x0000023902f34520 Exception <a 'java/lang/NoSuchMethodError'{0x000000008924ba50}: 'void java.lang.invoke.DirectMethodHandle$Holder.invokeStatic(java.lang.Object, java.lang.Object, int)'> (0x000000008924ba50) 
thrown [s\src\hotspot\share\interpreter\linkResolver.cpp, line 759]
Event: 2.354 Thread 0x0000023902f34520 Exception <a 'java/lang/NoSuchMethodError'{0x000000008910fa38}: 'java.lang.Object java.lang.invoke.DirectMethodHandle$Holder.newInvokeSpecial(java.lang.Object, java.lang.Object, java.lang.Object, java.lang.Object, java.lang.Object)'> (0x000000008910fa38) 
thrown [s\src\hotspot\share\interpreter\linkResolver.cpp, line 759]
Event: 2.431 Thread 0x0000023921616730 Exception <a 'java/lang/NoSuchMethodError'{0x0000000088fa2da0}: 'java.lang.Object java.lang.invoke.DirectMethodHandle$Holder.invokeSpecial(java.lang.Object, java.lang.Object, java.lang.Object, java.lang.Object, int)'> (0x0000000088fa2da0) 
thrown [s\src\hotspot\share\interpreter\linkResolver.cpp, line 759]
Event: 2.432 Thread 0x0000023921616730 Exception <a 'java/lang/NoSuchMethodError'{0x0000000088fa6968}: 'java.lang.Object java.lang.invoke.Invokers$Holder.linkToTargetMethod(java.lang.Object, java.lang.Object, int, java.lang.Object)'> (0x0000000088fa6968) 
thrown [s\src\hotspot\share\interpreter\linkResolver.cpp, line 759]
Event: 2.448 Thread 0x0000023921616730 Exception <a 'java/lang/NoSuchMethodError'{0x0000000088e47800}: 'void java.lang.invoke.DirectMethodHandle$Holder.invokeSpecial(java.lang.Object, java.lang.Object, java.lang.Object)'> (0x0000000088e47800) 
thrown [s\src\hotspot\share\interpreter\linkResolver.cpp, line 759]
Event: 2.465 Thread 0x0000023921616730 Exception <a 'java/lang/NoSuchMethodError'{0x0000000088ef2ee8}: 'void java.lang.invoke.DirectMethodHandle$Holder.invokeSpecial(java.lang.Object, java.lang.Object, java.lang.Object, java.lang.Object, java.lang.Object)'> (0x0000000088ef2ee8) 
thrown [s\src\hotspot\share\interpreter\linkResolver.cpp, line 759]
Event: 3.826 Thread 0x0000023921616730 Exception <a 'java/lang/NoSuchMethodError'{0x0000000088cb3b30}: 'void java.lang.invoke.DirectMethodHandle$Holder.invokeSpecial(java.lang.Object, java.lang.Object, java.lang.Object, java.lang.Object, java.lang.Object, java.lang.Object, java.lang.Object)'> (0x0000000088cb3b30) 
thrown [s\src\hotspot\share\interpreter\linkResolver.cpp, line 759]
Event: 3.913 Thread 0x0000023902f34520 Exception <a 'java/lang/NoSuchMethodError'{0x00000000890da188}: 'java.lang.Object java.lang.invoke.DirectMethodHandle$Holder.invokeSpecialIFC(java.lang.Object, java.lang.Object, java.lang.Object)'> (0x00000000890da188) 
thrown [s\src\hotspot\share\interpreter\linkResolver.cpp, line 759]
Event: 4.557 Thread 0x0000023902f34520 Exception <a 'java/lang/ClassNotFoundException'{0x00000000885d8f80}: sun/util/logging/resources/spi/loggingProvider> (0x00000000885d8f80) 
thrown [s\src\hotspot\share\classfile\systemDictionary.cpp, line 256]

VM Operations (20 events):
Event: 1.645 Executing VM operation: HandshakeAllThreads
Event: 1.645 Executing VM operation: HandshakeAllThreads done
Event: 1.645 Executing VM operation: Cleanup
Event: 1.645 Executing VM operation: Cleanup done
Event: 1.688 Executing VM operation: G1CollectForAllocation
Event: 1.698 Executing VM operation: G1CollectForAllocation done
Event: 2.037 Executing VM operation: HandshakeAllThreads
Event: 2.037 Executing VM operation: HandshakeAllThreads done
Event: 2.189 Executing VM operation: G1CollectForAllocation
Event: 2.198 Executing VM operation: G1CollectForAllocation done
Event: 2.278 Executing VM operation: HandshakeAllThreads
Event: 2.278 Executing VM operation: HandshakeAllThreads done
Event: 2.278 Executing VM operation: HandshakeAllThreads
Event: 2.278 Executing VM operation: HandshakeAllThreads done
Event: 2.280 Executing VM operation: HandshakeAllThreads
Event: 2.280 Executing VM operation: HandshakeAllThreads done
Event: 3.318 Executing VM operation: Cleanup
Event: 3.318 Executing VM operation: Cleanup done
Event: 3.784 Executing VM operation: HandshakeAllThreads
Event: 3.784 Executing VM operation: HandshakeAllThreads done

Events (20 events):
Event: 4.567 loading class sun/util/logging/resources/logging_en_IN
Event: 4.567 loading class sun/util/logging/resources/logging_en_IN done
Event: 4.567 loading class sun/util/logging/resources/logging_en_IN
Event: 4.567 loading class sun/util/logging/resources/logging_en_IN done
Event: 4.568 loading class java/util/Formatter$DateTime
Event: 4.568 loading class java/util/Formatter$DateTime done
Event: 4.569 loading class java/util/Calendar
Event: 4.574 loading class java/util/Calendar done
Event: 4.574 loading class java/time/ZonedDateTime$1
Event: 4.575 loading class java/time/ZonedDateTime$1 done
Event: 4.575 loading class java/time/LocalDate$1
Event: 4.575 loading class java/time/LocalDate$1 done
Event: 4.575 loading class java/text/DateFormatSymbols
Event: 4.577 loading class java/text/DateFormatSymbols done
Event: 4.577 loading class java/text/spi/DateFormatSymbolsProvider
Event: 4.577 loading class java/text/spi/DateFormatSymbolsProvider done
Event: 4.578 loading class sun/util/locale/provider/DateFormatSymbolsProviderImpl
Event: 4.578 loading class sun/util/locale/provider/DateFormatSymbolsProviderImpl done
Event: 4.579 loading class java/time/LocalTime$1
Event: 4.579 loading class java/time/LocalTime$1 done


Dynamic libraries:
0x00007ff68f480000 - 0x00007ff68f48e000 	E:\eclipseWithcorejava\eclipse\plugins\org.eclipse.justj.openjdk.hotspot.jre.full.win32.x86_64_17.0.9.v20231028-0858\jre\bin\javaw.exe
0x00007ffe9c970000 - 0x00007ffe9cb68000 	C:\WINDOWS\SYSTEM32\ntdll.dll
0x00007ffe9aa40000 - 0x00007ffe9aafd000 	C:\WINDOWS\System32\KERNEL32.DLL
0x00007ffe9a440000 - 0x00007ffe9a736000 	C:\WINDOWS\System32\KERNELBASE.dll
0x00007ffe9a180000 - 0x00007ffe9a280000 	C:\WINDOWS\System32\ucrtbase.dll
0x00007ffe8fe90000 - 0x00007ffe8feab000 	E:\eclipseWithcorejava\eclipse\plugins\org.eclipse.justj.openjdk.hotspot.jre.full.win32.x86_64_17.0.9.v20231028-0858\jre\bin\VCRUNTIME140.dll
0x00007ffe8fd00000 - 0x00007ffe8fd17000 	E:\eclipseWithcorejava\eclipse\plugins\org.eclipse.justj.openjdk.hotspot.jre.full.win32.x86_64_17.0.9.v20231028-0858\jre\bin\jli.dll
0x00007ffe9c1d0000 - 0x00007ffe9c36f000 	C:\WINDOWS\System32\USER32.dll
0x00007ffe9a880000 - 0x00007ffe9a8a2000 	C:\WINDOWS\System32\win32u.dll
0x00007ffe9c1a0000 - 0x00007ffe9c1cb000 	C:\WINDOWS\System32\GDI32.dll
0x00007ffe7fc60000 - 0x00007ffe7fefa000 	C:\WINDOWS\WinSxS\amd64_microsoft.windows.common-controls_6595b64144ccf1df_6.0.19041.3636_none_60b6a03d71f818d5\COMCTL32.dll
0x00007ffe9a9a0000 - 0x00007ffe9aa3e000 	C:\WINDOWS\System32\msvcrt.dll
0x00007ffe9a320000 - 0x00007ffe9a437000 	C:\WINDOWS\System32\gdi32full.dll
0x00007ffe9a8b0000 - 0x00007ffe9a94d000 	C:\WINDOWS\System32\msvcp_win.dll
0x00007ffe9c3d0000 - 0x00007ffe9c402000 	C:\WINDOWS\System32\IMM32.DLL
0x00007ffe93f20000 - 0x00007ffe93f2c000 	E:\eclipseWithcorejava\eclipse\plugins\org.eclipse.justj.openjdk.hotspot.jre.full.win32.x86_64_17.0.9.v20231028-0858\jre\bin\vcruntime140_1.dll
0x00007ffe73c80000 - 0x00007ffe73d0d000 	E:\eclipseWithcorejava\eclipse\plugins\org.eclipse.justj.openjdk.hotspot.jre.full.win32.x86_64_17.0.9.v20231028-0858\jre\bin\msvcp140.dll
0x00007ffe36350000 - 0x00007ffe36fb1000 	E:\eclipseWithcorejava\eclipse\plugins\org.eclipse.justj.openjdk.hotspot.jre.full.win32.x86_64_17.0.9.v20231028-0858\jre\bin\server\jvm.dll
0x00007ffe9c5c0000 - 0x00007ffe9c670000 	C:\WINDOWS\System32\ADVAPI32.dll
0x00007ffe9b6b0000 - 0x00007ffe9b750000 	C:\WINDOWS\System32\sechost.dll
0x00007ffe9bed0000 - 0x00007ffe9bff3000 	C:\WINDOWS\System32\RPCRT4.dll
0x00007ffe9a280000 - 0x00007ffe9a2a7000 	C:\WINDOWS\System32\bcrypt.dll
0x00007ffe99560000 - 0x00007ffe995ab000 	C:\WINDOWS\SYSTEM32\POWRPROF.dll
0x00007ffe8de50000 - 0x00007ffe8de59000 	C:\WINDOWS\SYSTEM32\WSOCK32.dll
0x00007ffe9c130000 - 0x00007ffe9c19b000 	C:\WINDOWS\System32\WS2_32.dll
0x00007ffe7ce30000 - 0x00007ffe7ce57000 	C:\WINDOWS\SYSTEM32\WINMM.dll
0x00007ffe93a00000 - 0x00007ffe93a0a000 	C:\WINDOWS\SYSTEM32\VERSION.dll
0x00007ffe99420000 - 0x00007ffe99432000 	C:\WINDOWS\SYSTEM32\UMPDC.dll
0x00007ffe98890000 - 0x00007ffe988a2000 	C:\WINDOWS\SYSTEM32\kernel.appcore.dll
0x00007ffe8fce0000 - 0x00007ffe8fcea000 	E:\eclipseWithcorejava\eclipse\plugins\org.eclipse.justj.openjdk.hotspot.jre.full.win32.x86_64_17.0.9.v20231028-0858\jre\bin\jimage.dll
0x00007ffe98510000 - 0x00007ffe986f4000 	C:\WINDOWS\SYSTEM32\DBGHELP.DLL
0x00007ffe902d0000 - 0x00007ffe90304000 	C:\WINDOWS\SYSTEM32\dbgcore.DLL
0x00007ffe9a740000 - 0x00007ffe9a7c2000 	C:\WINDOWS\System32\bcryptPrimitives.dll
0x00007ffe7bf90000 - 0x00007ffe7bfb5000 	E:\eclipseWithcorejava\eclipse\plugins\org.eclipse.justj.openjdk.hotspot.jre.full.win32.x86_64_17.0.9.v20231028-0858\jre\bin\java.dll
0x00007ffe813a0000 - 0x00007ffe813b8000 	E:\eclipseWithcorejava\eclipse\plugins\org.eclipse.justj.openjdk.hotspot.jre.full.win32.x86_64_17.0.9.v20231028-0858\jre\bin\zip.dll
0x00007ffe9af40000 - 0x00007ffe9b6ab000 	C:\WINDOWS\System32\SHELL32.dll
0x00007ffe97ca0000 - 0x00007ffe9843e000 	C:\WINDOWS\SYSTEM32\windows.storage.dll
0x00007ffe9ab80000 - 0x00007ffe9aed3000 	C:\WINDOWS\System32\combase.dll
0x00007ffe99a50000 - 0x00007ffe99a7e000 	C:\WINDOWS\SYSTEM32\Wldp.dll
0x00007ffe9b750000 - 0x00007ffe9b81d000 	C:\WINDOWS\System32\OLEAUT32.dll
0x00007ffe9be20000 - 0x00007ffe9becd000 	C:\WINDOWS\System32\SHCORE.dll
0x00007ffe9aee0000 - 0x00007ffe9af35000 	C:\WINDOWS\System32\shlwapi.dll
0x00007ffe99f50000 - 0x00007ffe99f73000 	C:\WINDOWS\SYSTEM32\profapi.dll
0x00007ffe7c3d0000 - 0x00007ffe7c3e9000 	E:\eclipseWithcorejava\eclipse\plugins\org.eclipse.justj.openjdk.hotspot.jre.full.win32.x86_64_17.0.9.v20231028-0858\jre\bin\net.dll
0x00007ffe938f0000 - 0x00007ffe939fa000 	C:\WINDOWS\SYSTEM32\WINHTTP.dll
0x00007ffe997b0000 - 0x00007ffe9981a000 	C:\WINDOWS\system32\mswsock.dll
0x00007ffe7c060000 - 0x00007ffe7c076000 	E:\eclipseWithcorejava\eclipse\plugins\org.eclipse.justj.openjdk.hotspot.jre.full.win32.x86_64_17.0.9.v20231028-0858\jre\bin\nio.dll
0x00007ffe99490000 - 0x00007ffe9955b000 	C:\WINDOWS\SYSTEM32\DNSAPI.dll
0x00007ffe99440000 - 0x00007ffe9947b000 	C:\WINDOWS\SYSTEM32\IPHLPAPI.DLL
0x00007ffe9c670000 - 0x00007ffe9c678000 	C:\WINDOWS\System32\NSI.dll
0x00007ffe8f260000 - 0x00007ffe8f26a000 	C:\Windows\System32\rasadhlp.dll
0x00007ffe8f440000 - 0x00007ffe8f4c0000 	C:\WINDOWS\System32\fwpuclnt.dll
0x00007ffe999b0000 - 0x00007ffe999c8000 	C:\WINDOWS\SYSTEM32\CRYPTSP.dll
0x00007ffe99060000 - 0x00007ffe99094000 	C:\WINDOWS\system32\rsaenh.dll
0x00007ffe99f10000 - 0x00007ffe99f3e000 	C:\WINDOWS\SYSTEM32\USERENV.dll
0x00007ffe999a0000 - 0x00007ffe999ac000 	C:\WINDOWS\SYSTEM32\CRYPTBASE.dll
0x00007ffe92260000 - 0x00007ffe92277000 	C:\WINDOWS\SYSTEM32\dhcpcsvc6.DLL
0x00007ffe92d30000 - 0x00007ffe92d4d000 	C:\WINDOWS\SYSTEM32\dhcpcsvc.DLL
0x00007ffe93fc0000 - 0x00007ffe93fce000 	E:\eclipseWithcorejava\eclipse\plugins\org.eclipse.justj.openjdk.hotspot.jre.full.win32.x86_64_17.0.9.v20231028-0858\jre\bin\sunmscapi.dll
0x00007ffe9a020000 - 0x00007ffe9a17e000 	C:\WINDOWS\System32\CRYPT32.dll
0x00007ffe99ac0000 - 0x00007ffe99ae8000 	C:\WINDOWS\SYSTEM32\ncrypt.dll
0x00007ffe99a80000 - 0x00007ffe99abb000 	C:\WINDOWS\SYSTEM32\NTASN1.dll
0x00007ffe74030000 - 0x00007ffe74037000 	C:\WINDOWS\system32\wshunix.dll

dbghelp: loaded successfully - version: 4.0.5 - missing functions: none
symbol engine: initialized successfully - sym options: 0x614 - pdb path: .;E:\eclipseWithcorejava\eclipse\plugins\org.eclipse.justj.openjdk.hotspot.jre.full.win32.x86_64_17.0.9.v20231028-0858\jre\bin;C:\WINDOWS\SYSTEM32;C:\WINDOWS\WinSxS\amd64_microsoft.windows.common-controls_6595b64144ccf1df_6.0.19041.3636_none_60b6a03d71f818d5;E:\eclipseWithcorejava\eclipse\plugins\org.eclipse.justj.openjdk.hotspot.jre.full.win32.x86_64_17.0.9.v20231028-0858\jre\bin\server

VM Arguments:
jvm_args: -Dfile.encoding=UTF-8 -Dstdout.encoding=UTF-8 -Dstderr.encoding=UTF-8 -XX:+ShowCodeDetailsInExceptionMessages 
java_command: testGridExamples.PaginationDynamic
java_class_path (initial): E:\EclipseAutomation\CatalystWebDriverAutomation\bin;E:\jarfile-selenium\selenium-java-4.18.1\selenium-api-4.18.1.jar;E:\jarfile-selenium\selenium-java-4.18.1\selenium-api-4.18.1-sources.jar;E:\jarfile-selenium\selenium-java-4.18.1\selenium-chrome-driver-4.18.1.jar;E:\jarfile-selenium\selenium-java-4.18.1\selenium-chrome-driver-4.18.1-sources.jar;E:\jarfile-selenium\selenium-java-4.18.1\selenium-chromium-driver-4.18.1.jar;E:\jarfile-selenium\selenium-java-4.18.1\selenium-chromium-driver-4.18.1-sources.jar;E:\jarfile-selenium\selenium-java-4.18.1\selenium-devtools-v85-4.18.1.jar;E:\jarfile-selenium\selenium-java-4.18.1\selenium-devtools-v85-4.18.1-sources.jar;E:\jarfile-selenium\selenium-java-4.18.1\selenium-devtools-v120-4.18.1.jar;E:\jarfile-selenium\selenium-java-4.18.1\selenium-devtools-v120-4.18.1-sources.jar;E:\jarfile-selenium\selenium-java-4.18.1\selenium-devtools-v121-4.18.1.jar;E:\jarfile-selenium\selenium-java-4.18.1\selenium-devtools-v121-4.18.1-sources.jar;E:\jarfile-selenium\selenium-java-4.18.1\selenium-devtools-v122-4.18.1.jar;E:\jarfile-selenium\selenium-java-4.18.1\selenium-devtools-v122-4.18.1-sources.jar;E:\jarfile-selenium\selenium-java-4.18.1\selenium-edge-driver-4.18.1.jar;E:\jarfile-selenium\selenium-java-4.18.1\selenium-edge-driver-4.18.1-sources.jar;E:\jarfile-selenium\selenium-java-4.18.1\selenium-firefox-driver-4.18.1.jar;E:\jarfile-selenium\selenium-java-4.18.1\selenium-firefox-driver-4.18.1-sources.jar;E:\jarfile-selenium\selenium-java-4.18.1\selenium-http-4.18.1.jar;E:\jarfile-selenium\selenium-java-4.18.1\selenium-http-4.18.1-sources.jar;E:\jarfile-selenium\selenium-java-4.18.1\selenium-ie-driver-4.18.1.jar;E:\jarfile-selenium\selenium-java-4.18.1\selenium-ie-driver-4.18.1-sources.jar;E:\jarfile-selenium\selenium-java-4.18.1\selenium-java-4.18.1.jar;E:\jarfile-selenium\selenium-java-4.18.1\selenium-java-4.18.1-sources.jar;E:\jarfile-selenium\selenium-java-4.18.1\selenium-json-4.18.1.jar;E:\jarfile-selenium\
Launcher Type: SUN_STANDARD

[Global flags]
     intx CICompilerCount                          = 3                                         {product} {ergonomic}
     uint ConcGCThreads                            = 1                                         {product} {ergonomic}
     uint G1ConcRefinementThreads                  = 4                                         {product} {ergonomic}
   size_t G1HeapRegionSize                         = 1048576                                   {product} {ergonomic}
    uintx GCDrainStackTargetSize                   = 64                                        {product} {ergonomic}
   size_t InitialHeapSize                          = 134217728                                 {product} {ergonomic}
   size_t MarkStackSize                            = 4194304                                   {product} {ergonomic}
   size_t MaxHeapSize                              = 2126512128                                {product} {ergonomic}
   size_t MaxNewSize                               = 1275068416                                {product} {ergonomic}
   size_t MinHeapDeltaBytes                        = 1048576                                   {product} {ergonomic}
   size_t MinHeapSize                              = 8388608                                   {product} {ergonomic}
    uintx NonNMethodCodeHeapSize                   = 5832780                                {pd product} {ergonomic}
    uintx NonProfiledCodeHeapSize                  = 122912730                              {pd product} {ergonomic}
    uintx ProfiledCodeHeapSize                     = 122912730                              {pd product} {ergonomic}
    uintx ReservedCodeCacheSize                    = 251658240                              {pd product} {ergonomic}
     bool SegmentedCodeCache                       = true                                      {product} {ergonomic}
     bool ShowCodeDetailsInExceptionMessages       = true                                   {manageable} {command line}
   size_t SoftMaxHeapSize                          = 2126512128                             {manageable} {ergonomic}
     bool UseCompressedClassPointers               = true                           {product lp64_product} {ergonomic}
     bool UseCompressedOops                        = true                           {product lp64_product} {ergonomic}
     bool UseG1GC                                  = true                                      {product} {ergonomic}
     bool UseLargePagesIndividualAllocation        = false                                  {pd product} {ergonomic}

Logging:
Log output configuration:
 #0: stdout all=warning uptime,level,tags
 #1: stderr all=off uptime,level,tags

Environment Variables:
PATH=E:/eclipseWithcorejava/eclipse//plugins/org.eclipse.justj.openjdk.hotspot.jre.full.win32.x86_64_17.0.9.v20231028-0858/jre/bin/server;E:/eclipseWithcorejava/eclipse//plugins/org.eclipse.justj.openjdk.hotspot.jre.full.win32.x86_64_17.0.9.v20231028-0858/jre/bin;C:\oracle_19c\db_home\bin;C:\Program Files\Common Files\Oracle\Java\javapath;C:\ProgramData\Oracle\Java\javapath;C:\WINDOWS\system32;C:\WINDOWS;C:\WINDOWS\System32\Wbem;C:\WINDOWS\System32\WindowsPowerShell\v1.0\;C:\Users\Dharmendra Verma\AppData\Local\Programs\Python\Python311\Scripts;C:\Users\Dharmendra Verma\AppData\Local\Programs\Python\Python311;C:\WINDOWS\System32\OpenSSH\;C:\Program Files\MySQL\MySQL Server 8.0\bin;C:\Program Files\MySQL\MySQL Server 8.0\bin;C:\Program Files\Git\cmd;C:\Program Files\Wondershare\Wondershare DemoCreator;C:\Program Files\MySQL\MySQL Shell 8.0\bin\;C:\Users\Dharmendra Verma\AppData\Local\Microsoft\WindowsApps;C:\Program Files (x86)\Sophos\Sophos SSL VPN Client\bin;C:\Users\Dharmendra Verma\AppData\Local\Programs\Microsoft VS Code\bin;;E:\eclipseWithcorejava\eclipse;
USERNAME=Dharmendra Verma
OS=Windows_NT
PROCESSOR_IDENTIFIER=Intel64 Family 6 Model 78 Stepping 3, GenuineIntel
TMP=C:\Users\DHARME~1\AppData\Local\Temp
TEMP=C:\Users\DHARME~1\AppData\Local\Temp



Periodic native trim disabled


---------------  S Y S T E M  ---------------

OS:
 Windows 10 , 64 bit Build 19041 (10.0.19041.3636)
OS uptime: 10 days 21:46 hours

CPU: total 4 (initial active 4) (2 cores per cpu, 2 threads per core) family 6 model 78 stepping 3 microcode 0xcc, cx8, cmov, fxsr, ht, mmx, 3dnowpref, sse, sse2, sse3, ssse3, sse4.1, sse4.2, popcnt, lzcnt, tsc, tscinvbit, avx, avx2, aes, erms, clmul, bmi1, bmi2, adx, fma, vzeroupper, clflush, clflushopt
Processor Information for processor 0
  Max Mhz: 2000, Current Mhz: 2000, Mhz Limit: 2000
Processor Information for processor 1
  Max Mhz: 2000, Current Mhz: 2000, Mhz Limit: 2000
Processor Information for processor 2
  Max Mhz: 2000, Current Mhz: 2000, Mhz Limit: 2000
Processor Information for processor 3
  Max Mhz: 2000, Current Mhz: 1500, Mhz Limit: 2000

Memory: 4k page, system-wide physical 8108M (1028M free)
TotalPageFile size 32684M (AvailPageFile size 3M)
current process WorkingSet (physical memory assigned to process): 100M, peak: 100M
current process commit charge ("private bytes"): 233M, peak: 235M

vm_info: OpenJDK 64-Bit Server VM (17.0.9+9) for windows-amd64 JRE (17.0.9+9), built on Oct 26 2023 14:01:42 by "admin" with MS VC++ 16.10 / 16.11 (VS2019)

END.
