#
# There is insufficient memory for the Java Runtime Environment to continue.
# Native memory allocation (mmap) failed to map 134217728 bytes for G1 virtual space
# Possible reasons:
#   The system is out of physical RAM or swap space
#   The process is running with CompressedOops enabled, and the Java Heap may be blocking the growth of the native heap
# Possible solutions:
#   Reduce memory load on the system
#   Increase physical memory or swap space
#   Check if swap backing store is full
#   Decrease Java heap size (-Xmx/-Xms)
#   Decrease number of Java threads
#   Decrease Java thread stack sizes (-Xss)
#   Set larger code cache with -XX:ReservedCodeCacheSize=
#   JVM is running with Unscaled Compressed Oops mode in which the Java heap is
#     placed in the first 4GB address space. The Java Heap base address is the
#     maximum limit for the native heap growth. Please use -XX:HeapBaseMinAddress
#     to set the Java Heap base and to place the Java Heap above 4GB virtual address.
# This output file may be truncated or incomplete.
#
#  Out of Memory Error (os_windows.cpp:3613), pid=29240, tid=28508
#
# JRE version:  (17.0.9+9) (build )
# Java VM: OpenJDK 64-Bit Server VM (17.0.9+9, mixed mode, sharing, tiered, compressed oops, compressed class ptrs, g1 gc, windows-amd64)
# No core dump will be written. Minidumps are not enabled by default on client versions of Windows
#

---------------  S U M M A R Y ------------

Command Line: -Dfile.encoding=UTF-8 -Dstdout.encoding=UTF-8 -Dstderr.encoding=UTF-8 -XX:+ShowCodeDetailsInExceptionMessages testGridExamples.PaginationDynamic

Host: Intel(R) Core(TM) i3-6006U CPU @ 2.00GHz, 4 cores, 7G,  Windows 10 , 64 bit Build 19041 (10.0.19041.3636)
Time: Sat May 18 10:06:08 2024 India Standard Time elapsed time: 0.051820 seconds (0d 0h 0m 0s)

---------------  T H R E A D  ---------------

Current thread (0x000002965bfb3c10):  JavaThread "Unknown thread" [_thread_in_vm, id=28508, stack(0x000000cf94800000,0x000000cf94900000)]

Stack: [0x000000cf94800000,0x000000cf94900000]
Native frames: (J=compiled Java code, j=interpreted, Vv=VM code, C=native code)
V  [jvm.dll+0x67cf49]
V  [jvm.dll+0x83478a]
V  [jvm.dll+0x83624e]
V  [jvm.dll+0x8368b3]
V  [jvm.dll+0x247f1f]
V  [jvm.dll+0x679d69]
V  [jvm.dll+0x66e6ba]
V  [jvm.dll+0x307e5b]
V  [jvm.dll+0x30f306]
V  [jvm.dll+0x35f0ce]
V  [jvm.dll+0x35f2ff]
V  [jvm.dll+0x2dea58]
V  [jvm.dll+0x2df9c4]
V  [jvm.dll+0x806031]
V  [jvm.dll+0x36cf31]
V  [jvm.dll+0x7e4aac]
V  [jvm.dll+0x3f07af]
V  [jvm.dll+0x3f23e1]
C  [jli.dll+0x528f]
C  [ucrtbase.dll+0x21bb2]
C  [KERNEL32.DLL+0x17344]
C  [ntdll.dll+0x526b1]


---------------  P R O C E S S  ---------------

Threads class SMR info:
_java_thread_list=0x00007ffe36e7ee98, length=0, elements={
}

Java Threads: ( => current thread )

Other Threads:
  0x000002965c00f370 GCTaskThread "GC Thread#0" [stack: 0x000000cf94900000,0x000000cf94a00000] [id=11648]
  0x000002965c0207e0 ConcurrentGCThread "G1 Main Marker" [stack: 0x000000cf94a00000,0x000000cf94b00000] [id=3704]
  0x000002965c0219a0 ConcurrentGCThread "G1 Conc#0" [stack: 0x000000cf94b00000,0x000000cf94c00000] [id=26452]

[error occurred during error reporting (printing all threads), id 0xc0000005, EXCEPTION_ACCESS_VIOLATION (0xc0000005) at pc=0x00007ffe3663f497]

VM state: not at safepoint (not fully initialized)

VM Mutex/Monitor currently owned by a thread:  ([mutex/lock_event])
[0x000002965bfaf1d0] Heap_lock - owner thread: 0x000002965bfb3c10

Heap address: 0x0000000081400000, size: 2028 MB, Compressed Oops mode: 32-bit

CDS archive(s) mapped at: [0x0000000000000000-0x0000000000000000-0x0000000000000000), size 0, SharedBaseAddress: 0x0000000800000000, ArchiveRelocationMode: 1.
Narrow klass base: 0x0000000000000000, Narrow klass shift: 0, Narrow klass range: 0x0

GC Precious Log:
<Empty>

Heap:
 garbage-first heap   total 0K, used 0K [0x0000000081400000, 0x0000000100000000)
  region size 1024K, 0 young (0K), 0 survivors (0K)

[error occurred during error reporting (printing heap information), id 0xc0000005, EXCEPTION_ACCESS_VIOLATION (0xc0000005) at pc=0x00007ffe36a26c79]

GC Heap History (0 events):
No events

Dll operation events (1 events):
Event: 0.010 Loaded shared library E:\eclipseWithcorejava\eclipse\plugins\org.eclipse.justj.openjdk.hotspot.jre.full.win32.x86_64_17.0.9.v20231028-0858\jre\bin\java.dll

Deoptimization events (0 events):
No events

Classes unloaded (0 events):
No events

Classes redefined (0 events):
No events

Internal exceptions (0 events):
No events

VM Operations (0 events):
No events

Events (0 events):
No events


Dynamic libraries:
0x00007ff68f480000 - 0x00007ff68f48e000 	E:\eclipseWithcorejava\eclipse\plugins\org.eclipse.justj.openjdk.hotspot.jre.full.win32.x86_64_17.0.9.v20231028-0858\jre\bin\javaw.exe
0x00007ffe9c970000 - 0x00007ffe9cb68000 	C:\WINDOWS\SYSTEM32\ntdll.dll
0x00007ffe9aa40000 - 0x00007ffe9aafd000 	C:\WINDOWS\System32\KERNEL32.DLL
0x00007ffe9a440000 - 0x00007ffe9a736000 	C:\WINDOWS\System32\KERNELBASE.dll
0x00007ffe9a180000 - 0x00007ffe9a280000 	C:\WINDOWS\System32\ucrtbase.dll
0x00007ffe93f50000 - 0x00007ffe93f6b000 	E:\eclipseWithcorejava\eclipse\plugins\org.eclipse.justj.openjdk.hotspot.jre.full.win32.x86_64_17.0.9.v20231028-0858\jre\bin\VCRUNTIME140.dll
0x00007ffe93f70000 - 0x00007ffe93f87000 	E:\eclipseWithcorejava\eclipse\plugins\org.eclipse.justj.openjdk.hotspot.jre.full.win32.x86_64_17.0.9.v20231028-0858\jre\bin\jli.dll
0x00007ffe9c1d0000 - 0x00007ffe9c36f000 	C:\WINDOWS\System32\USER32.dll
0x00007ffe9a880000 - 0x00007ffe9a8a2000 	C:\WINDOWS\System32\win32u.dll
0x00007ffe9c1a0000 - 0x00007ffe9c1cb000 	C:\WINDOWS\System32\GDI32.dll
0x00007ffe7fc60000 - 0x00007ffe7fefa000 	C:\WINDOWS\WinSxS\amd64_microsoft.windows.common-controls_6595b64144ccf1df_6.0.19041.3636_none_60b6a03d71f818d5\COMCTL32.dll
0x00007ffe9a9a0000 - 0x00007ffe9aa3e000 	C:\WINDOWS\System32\msvcrt.dll
0x00007ffe9a320000 - 0x00007ffe9a437000 	C:\WINDOWS\System32\gdi32full.dll
0x00007ffe9a8b0000 - 0x00007ffe9a94d000 	C:\WINDOWS\System32\msvcp_win.dll
0x00007ffe9c3d0000 - 0x00007ffe9c402000 	C:\WINDOWS\System32\IMM32.DLL
0x00007ffe93ef0000 - 0x00007ffe93efc000 	E:\eclipseWithcorejava\eclipse\plugins\org.eclipse.justj.openjdk.hotspot.jre.full.win32.x86_64_17.0.9.v20231028-0858\jre\bin\vcruntime140_1.dll
0x00007ffe53260000 - 0x00007ffe532ed000 	E:\eclipseWithcorejava\eclipse\plugins\org.eclipse.justj.openjdk.hotspot.jre.full.win32.x86_64_17.0.9.v20231028-0858\jre\bin\msvcp140.dll
0x00007ffe36350000 - 0x00007ffe36fb1000 	E:\eclipseWithcorejava\eclipse\plugins\org.eclipse.justj.openjdk.hotspot.jre.full.win32.x86_64_17.0.9.v20231028-0858\jre\bin\server\jvm.dll
0x00007ffe9c5c0000 - 0x00007ffe9c670000 	C:\WINDOWS\System32\ADVAPI32.dll
0x00007ffe9b6b0000 - 0x00007ffe9b750000 	C:\WINDOWS\System32\sechost.dll
0x00007ffe9bed0000 - 0x00007ffe9bff3000 	C:\WINDOWS\System32\RPCRT4.dll
0x00007ffe9a280000 - 0x00007ffe9a2a7000 	C:\WINDOWS\System32\bcrypt.dll
0x00007ffe8de50000 - 0x00007ffe8de59000 	C:\WINDOWS\SYSTEM32\WSOCK32.dll
0x00007ffe99560000 - 0x00007ffe995ab000 	C:\WINDOWS\SYSTEM32\POWRPROF.dll
0x00007ffe9c130000 - 0x00007ffe9c19b000 	C:\WINDOWS\System32\WS2_32.dll
0x00007ffe7ce30000 - 0x00007ffe7ce57000 	C:\WINDOWS\SYSTEM32\WINMM.dll
0x00007ffe93a00000 - 0x00007ffe93a0a000 	C:\WINDOWS\SYSTEM32\VERSION.dll
0x00007ffe99420000 - 0x00007ffe99432000 	C:\WINDOWS\SYSTEM32\UMPDC.dll
0x00007ffe98890000 - 0x00007ffe988a2000 	C:\WINDOWS\SYSTEM32\kernel.appcore.dll
0x00007ffe8fce0000 - 0x00007ffe8fcea000 	E:\eclipseWithcorejava\eclipse\plugins\org.eclipse.justj.openjdk.hotspot.jre.full.win32.x86_64_17.0.9.v20231028-0858\jre\bin\jimage.dll
0x00007ffe98510000 - 0x00007ffe986f4000 	C:\WINDOWS\SYSTEM32\DBGHELP.DLL
0x00007ffe902d0000 - 0x00007ffe90304000 	C:\WINDOWS\SYSTEM32\dbgcore.DLL
0x00007ffe9a740000 - 0x00007ffe9a7c2000 	C:\WINDOWS\System32\bcryptPrimitives.dll
0x00007ffe7bf90000 - 0x00007ffe7bfb5000 	E:\eclipseWithcorejava\eclipse\plugins\org.eclipse.justj.openjdk.hotspot.jre.full.win32.x86_64_17.0.9.v20231028-0858\jre\bin\java.dll

dbghelp: loaded successfully - version: 4.0.5 - missing functions: none
symbol engine: initialized successfully - sym options: 0x614 - pdb path: .;E:\eclipseWithcorejava\eclipse\plugins\org.eclipse.justj.openjdk.hotspot.jre.full.win32.x86_64_17.0.9.v20231028-0858\jre\bin;C:\WINDOWS\SYSTEM32;C:\WINDOWS\WinSxS\amd64_microsoft.windows.common-controls_6595b64144ccf1df_6.0.19041.3636_none_60b6a03d71f818d5;E:\eclipseWithcorejava\eclipse\plugins\org.eclipse.justj.openjdk.hotspot.jre.full.win32.x86_64_17.0.9.v20231028-0858\jre\bin\server

VM Arguments:
jvm_args: -Dfile.encoding=UTF-8 -Dstdout.encoding=UTF-8 -Dstderr.encoding=UTF-8 -XX:+ShowCodeDetailsInExceptionMessages 
java_command: testGridExamples.PaginationDynamic
java_class_path (initial): E:\EclipseAutomation\CatalystWebDriverAutomation\bin;E:\jarfile-selenium\selenium-java-4.18.1\selenium-api-4.18.1.jar;E:\jarfile-selenium\selenium-java-4.18.1\selenium-api-4.18.1-sources.jar;E:\jarfile-selenium\selenium-java-4.18.1\selenium-chrome-driver-4.18.1.jar;E:\jarfile-selenium\selenium-java-4.18.1\selenium-chrome-driver-4.18.1-sources.jar;E:\jarfile-selenium\selenium-java-4.18.1\selenium-chromium-driver-4.18.1.jar;E:\jarfile-selenium\selenium-java-4.18.1\selenium-chromium-driver-4.18.1-sources.jar;E:\jarfile-selenium\selenium-java-4.18.1\selenium-devtools-v85-4.18.1.jar;E:\jarfile-selenium\selenium-java-4.18.1\selenium-devtools-v85-4.18.1-sources.jar;E:\jarfile-selenium\selenium-java-4.18.1\selenium-devtools-v120-4.18.1.jar;E:\jarfile-selenium\selenium-java-4.18.1\selenium-devtools-v120-4.18.1-sources.jar;E:\jarfile-selenium\selenium-java-4.18.1\selenium-devtools-v121-4.18.1.jar;E:\jarfile-selenium\selenium-java-4.18.1\selenium-devtools-v121-4.18.1-sources.jar;E:\jarfile-selenium\selenium-java-4.18.1\selenium-devtools-v122-4.18.1.jar;E:\jarfile-selenium\selenium-java-4.18.1\selenium-devtools-v122-4.18.1-sources.jar;E:\jarfile-selenium\selenium-java-4.18.1\selenium-edge-driver-4.18.1.jar;E:\jarfile-selenium\selenium-java-4.18.1\selenium-edge-driver-4.18.1-sources.jar;E:\jarfile-selenium\selenium-java-4.18.1\selenium-firefox-driver-4.18.1.jar;E:\jarfile-selenium\selenium-java-4.18.1\selenium-firefox-driver-4.18.1-sources.jar;E:\jarfile-selenium\selenium-java-4.18.1\selenium-http-4.18.1.jar;E:\jarfile-selenium\selenium-java-4.18.1\selenium-http-4.18.1-sources.jar;E:\jarfile-selenium\selenium-java-4.18.1\selenium-ie-driver-4.18.1.jar;E:\jarfile-selenium\selenium-java-4.18.1\selenium-ie-driver-4.18.1-sources.jar;E:\jarfile-selenium\selenium-java-4.18.1\selenium-java-4.18.1.jar;E:\jarfile-selenium\selenium-java-4.18.1\selenium-java-4.18.1-sources.jar;E:\jarfile-selenium\selenium-java-4.18.1\selenium-json-4.18.1.jar;E:\jarfile-selenium\
Launcher Type: SUN_STANDARD

[Global flags]
     intx CICompilerCount                          = 3                                         {product} {ergonomic}
     uint ConcGCThreads                            = 1                                         {product} {ergonomic}
     uint G1ConcRefinementThreads                  = 4                                         {product} {ergonomic}
   size_t G1HeapRegionSize                         = 1048576                                   {product} {ergonomic}
    uintx GCDrainStackTargetSize                   = 64                                        {product} {ergonomic}
   size_t InitialHeapSize                          = 134217728                                 {product} {ergonomic}
   size_t MarkStackSize                            = 4194304                                   {product} {ergonomic}
   size_t MaxHeapSize                              = 2126512128                                {product} {ergonomic}
   size_t MinHeapDeltaBytes                        = 1048576                                   {product} {ergonomic}
   size_t MinHeapSize                              = 8388608                                   {product} {ergonomic}
    uintx NonNMethodCodeHeapSize                   = 5832780                                {pd product} {ergonomic}
    uintx NonProfiledCodeHeapSize                  = 122912730                              {pd product} {ergonomic}
    uintx ProfiledCodeHeapSize                     = 122912730                              {pd product} {ergonomic}
    uintx ReservedCodeCacheSize                    = 251658240                              {pd product} {ergonomic}
     bool SegmentedCodeCache                       = true                                      {product} {ergonomic}
     bool ShowCodeDetailsInExceptionMessages       = true                                   {manageable} {command line}
   size_t SoftMaxHeapSize                          = 2126512128                             {manageable} {ergonomic}
     bool UseCompressedClassPointers               = true                           {product lp64_product} {ergonomic}
     bool UseCompressedOops                        = true                           {product lp64_product} {ergonomic}
     bool UseG1GC                                  = true                                      {product} {ergonomic}
     bool UseLargePagesIndividualAllocation        = false                                  {pd product} {ergonomic}

Logging:
Log output configuration:
 #0: stdout all=warning uptime,level,tags
 #1: stderr all=off uptime,level,tags

Environment Variables:
PATH=E:/eclipseWithcorejava/eclipse//plugins/org.eclipse.justj.openjdk.hotspot.jre.full.win32.x86_64_17.0.9.v20231028-0858/jre/bin/server;E:/eclipseWithcorejava/eclipse//plugins/org.eclipse.justj.openjdk.hotspot.jre.full.win32.x86_64_17.0.9.v20231028-0858/jre/bin;C:\oracle_19c\db_home\bin;C:\Program Files\Common Files\Oracle\Java\javapath;C:\ProgramData\Oracle\Java\javapath;C:\WINDOWS\system32;C:\WINDOWS;C:\WINDOWS\System32\Wbem;C:\WINDOWS\System32\WindowsPowerShell\v1.0\;C:\Users\Dharmendra Verma\AppData\Local\Programs\Python\Python311\Scripts;C:\Users\Dharmendra Verma\AppData\Local\Programs\Python\Python311;C:\WINDOWS\System32\OpenSSH\;C:\Program Files\MySQL\MySQL Server 8.0\bin;C:\Program Files\MySQL\MySQL Server 8.0\bin;C:\Program Files\Git\cmd;C:\Program Files\Wondershare\Wondershare DemoCreator;C:\Program Files\MySQL\MySQL Shell 8.0\bin\;C:\Users\Dharmendra Verma\AppData\Local\Microsoft\WindowsApps;C:\Program Files (x86)\Sophos\Sophos SSL VPN Client\bin;C:\Users\Dharmendra Verma\AppData\Local\Programs\Microsoft VS Code\bin;;E:\eclipseWithcorejava\eclipse;
USERNAME=Dharmendra Verma
OS=Windows_NT
PROCESSOR_IDENTIFIER=Intel64 Family 6 Model 78 Stepping 3, GenuineIntel
TMP=C:\Users\DHARME~1\AppData\Local\Temp
TEMP=C:\Users\DHARME~1\AppData\Local\Temp



Periodic native trim disabled


---------------  S Y S T E M  ---------------

OS:
 Windows 10 , 64 bit Build 19041 (10.0.19041.3636)
OS uptime: 10 days 20:53 hours

CPU: total 4 (initial active 4) (2 cores per cpu, 2 threads per core) family 6 model 78 stepping 3 microcode 0xcc, cx8, cmov, fxsr, ht, mmx, 3dnowpref, sse, sse2, sse3, ssse3, sse4.1, sse4.2, popcnt, lzcnt, tsc, tscinvbit, avx, avx2, aes, erms, clmul, bmi1, bmi2, adx, fma, vzeroupper, clflush, clflushopt
Processor Information for all 4 processors :
  Max Mhz: 2000, Current Mhz: 1100, Mhz Limit: 2000

Memory: 4k page, system-wide physical 8108M (836M free)
TotalPageFile size 32684M (AvailPageFile size 58M)
current process WorkingSet (physical memory assigned to process): 10M, peak: 10M
current process commit charge ("private bytes"): 51M, peak: 179M

vm_info: OpenJDK 64-Bit Server VM (17.0.9+9) for windows-amd64 JRE (17.0.9+9), built on Oct 26 2023 14:01:42 by "admin" with MS VC++ 16.10 / 16.11 (VS2019)

END.
